timestamp: 2012-05-27T11:50:02.439404
CREATE TABLE auth_user(
    id INTEGER PRIMARY KEY AUTOINCREMENT,
    first_name CHAR(128),
    last_name CHAR(128),
    email CHAR(512),
    password CHAR(512),
    registration_key CHAR(512),
    reset_password_key CHAR(512)
);
success!
timestamp: 2012-05-27T11:50:02.619000
CREATE TABLE auth_group(
    id INTEGER PRIMARY KEY AUTOINCREMENT,
    role CHAR(512),
    description TEXT
);
success!
timestamp: 2012-05-27T11:50:02.711027
CREATE TABLE auth_membership(
    id INTEGER PRIMARY KEY AUTOINCREMENT,
    user_id INTEGER REFERENCES auth_user(id) ON DELETE CASCADE,
    group_id INTEGER REFERENCES auth_group(id) ON DELETE CASCADE
);
success!
timestamp: 2012-05-27T11:50:02.819308
CREATE TABLE auth_permission(
    id INTEGER PRIMARY KEY AUTOINCREMENT,
    group_id INTEGER REFERENCES auth_group(id) ON DELETE CASCADE,
    name CHAR(512),
    table_name CHAR(512),
    record_id INTEGER
);
success!
timestamp: 2012-05-27T11:50:02.910981
CREATE TABLE auth_event(
    id INTEGER PRIMARY KEY AUTOINCREMENT,
    time_stamp TIMESTAMP,
    client_ip CHAR(512),
    user_id INTEGER REFERENCES auth_user(id) ON DELETE CASCADE,
    origin CHAR(512),
    description TEXT
);
success!
timestamp: 2012-05-27T11:50:03.018951
CREATE TABLE auth_cas(
    id INTEGER PRIMARY KEY AUTOINCREMENT,
    user_id INTEGER REFERENCES auth_user(id) ON DELETE CASCADE,
    created_on TIMESTAMP,
    url CHAR(512),
    uuid CHAR(512)
);
success!
timestamp: 2012-05-27T11:50:03.098926
CREATE TABLE t_project(
    id INTEGER PRIMARY KEY AUTOINCREMENT,
    name CHAR(512) NOT NULL,
    description TEXT
);
success!
timestamp: 2012-05-27T11:50:03.190108
CREATE TABLE t_server(
    id INTEGER PRIMARY KEY AUTOINCREMENT,
    project INTEGER REFERENCES t_project(id) ON DELETE CASCADE,
    name CHAR(512) NOT NULL,
    IP CHAR(512) NOT NULL,
    port CHAR(512) NOT NULL DEFAULT '8888',
    description TEXT
);
success!
timestamp: 2012-05-27T11:50:03.280292
CREATE TABLE t_type_log(
    id INTEGER PRIMARY KEY AUTOINCREMENT,
    name CHAR(512),
    regex_code TEXT,
    html_table TEXT,
    description TEXT,
    datecreated TIMESTAMP,
    datemodified TIMESTAMP
);
success!
timestamp: 2012-05-27T11:50:03.395939
CREATE TABLE t_log(
    id INTEGER PRIMARY KEY AUTOINCREMENT,
    server INTEGER REFERENCES t_server(id) ON DELETE CASCADE,
    type_log INTEGER REFERENCES t_type_log(id) ON DELETE CASCADE,
    name CHAR(512),
    description TEXT,
    datecreated TIMESTAMP,
    datemodified TIMESTAMP
);
success!
